0 info it worked if it ends with ok
1 verbose cli [ 'C:\\Program Files (x86)\\nodejs\\node.exe',
1 verbose cli   'C:\\Program Files (x86)\\nodejs\\node_modules\\npm\\bin\\npm-cli.js',
1 verbose cli   'install' ]
2 info using npm@2.7.4
3 info using node@v4.1.0
4 warn package.json Dependency 'bower' exists in both dependencies and devDependencies, using 'bower@^1.6.5' from dependencies
5 verbose install where, deps [ 'D:\\Repositories\\ApartMates',
5 verbose install   [ 'bower',
5 verbose install     'express',
5 verbose install     'grunt',
5 verbose install     'grunt-concurrent',
5 verbose install     'grunt-contrib-connect',
5 verbose install     'grunt-contrib-watch',
5 verbose install     'grunt-sass',
5 verbose install     'http-server',
5 verbose install     'jasmine-core',
5 verbose install     'karma',
5 verbose install     'karma-chrome-launcher',
5 verbose install     'karma-firefox-launcher',
5 verbose install     'karma-jasmine',
5 verbose install     'karma-junit-reporter',
5 verbose install     'load-grunt-tasks',
5 verbose install     'protractor',
5 verbose install     'shelljs' ] ]
6 verbose install where, peers [ 'D:\\Repositories\\ApartMates', [] ]
7 info preinstall angular-seed@0.0.0
8 verbose already installed skipping karma-junit-reporter@^0.2.2 D:\Repositories\ApartMates
9 verbose already installed skipping load-grunt-tasks@^3.3.0 D:\Repositories\ApartMates
10 verbose already installed skipping protractor@^2.1.0 D:\Repositories\ApartMates
11 verbose already installed skipping shelljs@^0.2.6 D:\Repositories\ApartMates
12 verbose already installed skipping bower@^1.6.5 D:\Repositories\ApartMates
13 verbose already installed skipping express@^4.13.3 D:\Repositories\ApartMates
14 verbose already installed skipping grunt@^0.4.5 D:\Repositories\ApartMates
15 verbose already installed skipping grunt-concurrent@^2.0.4 D:\Repositories\ApartMates
16 verbose already installed skipping grunt-contrib-connect@^0.11.2 D:\Repositories\ApartMates
17 verbose already installed skipping grunt-contrib-watch@^0.6.1 D:\Repositories\ApartMates
18 verbose already installed skipping grunt-sass@^1.1.0 D:\Repositories\ApartMates
19 verbose already installed skipping http-server@^0.6.1 D:\Repositories\ApartMates
20 verbose already installed skipping jasmine-core@^2.3.4 D:\Repositories\ApartMates
21 verbose already installed skipping karma@~0.12 D:\Repositories\ApartMates
22 verbose already installed skipping karma-chrome-launcher@^0.1.12 D:\Repositories\ApartMates
23 verbose already installed skipping karma-firefox-launcher@^0.1.6 D:\Repositories\ApartMates
24 verbose already installed skipping karma-jasmine@^0.3.5 D:\Repositories\ApartMates
25 silly install resolved []
26 info build D:\Repositories\ApartMates
27 verbose linkStuff [ false, false, false, 'D:\\Repositories' ]
28 info linkStuff angular-seed@0.0.0
29 verbose linkBins angular-seed@0.0.0
30 verbose linkMans angular-seed@0.0.0
31 verbose rebuildBundles angular-seed@0.0.0
32 verbose rebuildBundles [ '.bin',
32 verbose rebuildBundles   'bower',
32 verbose rebuildBundles   'express',
32 verbose rebuildBundles   'grunt',
32 verbose rebuildBundles   'grunt-concurrent',
32 verbose rebuildBundles   'grunt-contrib-connect',
32 verbose rebuildBundles   'grunt-contrib-watch',
32 verbose rebuildBundles   'grunt-sass',
32 verbose rebuildBundles   'http-server',
32 verbose rebuildBundles   'jasmine-core',
32 verbose rebuildBundles   'karma',
32 verbose rebuildBundles   'karma-chrome-launcher',
32 verbose rebuildBundles   'karma-firefox-launcher',
32 verbose rebuildBundles   'karma-jasmine',
32 verbose rebuildBundles   'karma-junit-reporter',
32 verbose rebuildBundles   'load-grunt-tasks',
32 verbose rebuildBundles   'protractor',
32 verbose rebuildBundles   'shelljs' ]
33 info install angular-seed@0.0.0
34 info postinstall angular-seed@0.0.0
35 verbose unsafe-perm in lifecycle true
36 info angular-seed@0.0.0 Failed to exec postinstall script
37 verbose stack Error: angular-seed@0.0.0 postinstall: `./node_modules/bower/bin/bower install`
37 verbose stack Exit status 1
37 verbose stack     at EventEmitter.<anonymous> (C:\Program Files (x86)\nodejs\node_modules\npm\lib\utils\lifecycle.js:213:16)
37 verbose stack     at emitTwo (events.js:87:13)
37 verbose stack     at EventEmitter.emit (events.js:172:7)
37 verbose stack     at ChildProcess.<anonymous> (C:\Program Files (x86)\nodejs\node_modules\npm\lib\utils\spawn.js:14:12)
37 verbose stack     at emitTwo (events.js:87:13)
37 verbose stack     at ChildProcess.emit (events.js:172:7)
37 verbose stack     at maybeClose (internal/child_process.js:817:16)
37 verbose stack     at Process.ChildProcess._handle.onexit (internal/child_process.js:211:5)
38 verbose pkgid angular-seed@0.0.0
39 verbose cwd D:\Repositories\ApartMates
40 error Windows_NT 10.0.10240
41 error argv "C:\\Program Files (x86)\\nodejs\\node.exe" "C:\\Program Files (x86)\\nodejs\\node_modules\\npm\\bin\\npm-cli.js" "install"
42 error node v4.1.0
43 error npm  v2.7.4
44 error code ELIFECYCLE
45 error angular-seed@0.0.0 postinstall: `./node_modules/bower/bin/bower install`
45 error Exit status 1
46 error Failed at the angular-seed@0.0.0 postinstall script './node_modules/bower/bin/bower install'.
46 error This is most likely a problem with the angular-seed package,
46 error not with npm itself.
46 error Tell the author that this fails on your system:
46 error     ./node_modules/bower/bin/bower install
46 error You can get their info via:
46 error     npm owner ls angular-seed
46 error There is likely additional logging output above.
47 verbose exit [ 1, true ]
